0 info it worked if it ends with ok
1 verbose cli [ 'node', '/usr/local/bin/npm', 'install', '-g', 'bower' ]
2 info using npm@1.4.28
3 info using node@v0.10.34
4 verbose cache add [ 'bower', null ]
5 verbose cache add name=undefined spec="bower" args=["bower",null]
6 verbose parsed url { protocol: null,
6 verbose parsed url   slashes: null,
6 verbose parsed url   auth: null,
6 verbose parsed url   host: null,
6 verbose parsed url   port: null,
6 verbose parsed url   hostname: null,
6 verbose parsed url   hash: null,
6 verbose parsed url   search: null,
6 verbose parsed url   query: null,
6 verbose parsed url   pathname: 'bower',
6 verbose parsed url   path: 'bower',
6 verbose parsed url   href: 'bower' }
7 silly lockFile 206e3ce5-bower bower
8 verbose lock bower /Users/administrator/.npm/206e3ce5-bower.lock
9 silly lockFile 206e3ce5-bower bower
10 silly lockFile 206e3ce5-bower bower
11 verbose addNamed [ 'bower', '' ]
12 verbose addNamed [ null, '*' ]
13 silly lockFile 1240aab1-bower bower@
14 verbose lock bower@ /Users/administrator/.npm/1240aab1-bower.lock
15 silly addNameRange { name: 'bower', range: '*', hasData: false }
16 verbose request where is /bower
17 verbose request registry https://registry.npmjs.org/
18 verbose request id a3412c037ba4539e
19 verbose url raw /bower
20 verbose url resolving [ 'https://registry.npmjs.org/', './bower' ]
21 verbose url resolved https://registry.npmjs.org/bower
22 verbose request where is https://registry.npmjs.org/bower
23 info trying registry request attempt 1 at 22:56:03
24 verbose etag "9IW84AVLMHAFMQ4HHCXA5RZJT"
25 http GET https://registry.npmjs.org/bower
26 http 304 https://registry.npmjs.org/bower
27 silly registry.get cb [ 304,
27 silly registry.get   { date: 'Thu, 07 Apr 2016 19:56:10 GMT',
27 silly registry.get     via: '1.1 varnish',
27 silly registry.get     'cache-control': 'max-age=300',
27 silly registry.get     etag: '"9IW84AVLMHAFMQ4HHCXA5RZJT"',
27 silly registry.get     age: '20',
27 silly registry.get     connection: 'keep-alive',
27 silly registry.get     'x-served-by': 'cache-lhr6329-LHR',
27 silly registry.get     'x-cache': 'HIT',
27 silly registry.get     'x-cache-hits': '1',
27 silly registry.get     'x-timer': 'S1460058970.695435,VS0,VE0',
27 silly registry.get     vary: 'Accept-Encoding' } ]
28 verbose etag https://registry.npmjs.org/bower from cache
29 silly addNameRange number 2 { name: 'bower', range: '*', hasData: true }
30 silly addNameRange versions [ 'bower',
30 silly addNameRange   [ '0.1.0',
30 silly addNameRange     '0.1.2',
30 silly addNameRange     '0.1.3',
30 silly addNameRange     '0.2.0',
30 silly addNameRange     '0.3.0',
30 silly addNameRange     '0.3.1',
30 silly addNameRange     '0.3.2',
30 silly addNameRange     '0.4.0',
30 silly addNameRange     '0.5.0',
30 silly addNameRange     '0.5.1',
30 silly addNameRange     '0.6.0',
30 silly addNameRange     '0.6.1',
30 silly addNameRange     '0.6.2',
30 silly addNameRange     '0.6.3',
30 silly addNameRange     '0.6.4',
30 silly addNameRange     '0.6.5',
30 silly addNameRange     '0.6.6',
30 silly addNameRange     '0.6.7',
30 silly addNameRange     '0.6.8',
30 silly addNameRange     '0.7.0',
30 silly addNameRange     '0.7.1',
30 silly addNameRange     '0.8.0',
30 silly addNameRange     '0.8.1',
30 silly addNameRange     '0.8.2',
30 silly addNameRange     '0.8.3',
30 silly addNameRange     '0.8.4',
30 silly addNameRange     '0.8.5',
30 silly addNameRange     '0.8.6',
30 silly addNameRange     '0.9.0',
30 silly addNameRange     '0.9.1',
30 silly addNameRange     '0.9.2',
30 silly addNameRange     '0.10.0',
30 silly addNameRange     '1.0.0',
30 silly addNameRange     '1.0.1',
30 silly addNameRange     '1.0.2',
30 silly addNameRange     '1.0.3',
30 silly addNameRange     '1.1.0',
30 silly addNameRange     '1.1.1',
30 silly addNameRange     '1.1.2',
30 silly addNameRange     '1.2.0',
30 silly addNameRange     '1.2.1',
30 silly addNameRange     '1.2.2',
30 silly addNameRange     '1.2.3',
30 silly addNameRange     '1.2.4',
30 silly addNameRange     '1.2.5',
30 silly addNameRange     '1.2.6',
30 silly addNameRange     '1.2.7',
30 silly addNameRange     '1.2.8',
30 silly addNameRange     '1.3.0',
30 silly addNameRange     '1.3.1',
30 silly addNameRange     '1.3.2',
30 silly addNameRange     '1.3.3',
30 silly addNameRange     '1.3.4',
30 silly addNameRange     '1.3.5',
30 silly addNameRange     '1.3.6',
30 silly addNameRange     '1.3.7',
30 silly addNameRange     '1.3.8',
30 silly addNameRange     '1.3.9',
30 silly addNameRange     '1.3.10',
30 silly addNameRange     '1.3.11',
30 silly addNameRange     '1.3.12',
30 silly addNameRange     '1.4.0',
30 silly addNameRange     '1.4.1',
30 silly addNameRange     '1.5.0',
30 silly addNameRange     '1.5.1',
30 silly addNameRange     '1.5.2',
30 silly addNameRange     '1.5.3',
30 silly addNameRange     '1.6.2',
30 silly addNameRange     '1.6.3',
30 silly addNameRange     '1.6.4',
30 silly addNameRange     '1.6.5',
30 silly addNameRange     '1.5.4',
30 silly addNameRange     '1.4.2',
30 silly addNameRange     '1.6.6',
30 silly addNameRange     '1.6.7',
30 silly addNameRange     '1.6.8',
30 silly addNameRange     '1.6.9',
30 silly addNameRange     '1.7.0',
30 silly addNameRange     '1.7.1',
30 silly addNameRange     '1.7.2',
30 silly addNameRange     '1.7.5',
30 silly addNameRange     '1.7.6',
30 silly addNameRange     '1.7.7',
30 silly addNameRange     '1.7.8',
30 silly addNameRange     '1.7.9' ] ]
31 verbose addNamed [ 'bower', '1.7.9' ]
32 verbose addNamed [ '1.7.9', '1.7.9' ]
33 silly lockFile c07be986-bower-1-7-9 bower@1.7.9
34 verbose lock bower@1.7.9 /Users/administrator/.npm/c07be986-bower-1-7-9.lock
35 silly lockFile 1539c588--npmjs-org-bower-bower-1-7-9-tgz https://registry.npmjs.org/bower/-/bower-1.7.9.tgz
36 verbose lock https://registry.npmjs.org/bower/-/bower-1.7.9.tgz /Users/administrator/.npm/1539c588--npmjs-org-bower-bower-1-7-9-tgz.lock
37 verbose addRemoteTarball [ 'https://registry.npmjs.org/bower/-/bower-1.7.9.tgz',
37 verbose addRemoteTarball   'b7296c2393e0d75edaa6ca39648132dd255812b0' ]
38 info retry fetch attempt 1 at 22:56:10
39 verbose fetch to= /var/folders/lc/7f2j1yf940q75jtdk9sfnbx00000gp/T/npm-57425--KwB_Fyt/registry.npmjs.org/bower/-/bower-1.7.9.tgz
40 http GET https://registry.npmjs.org/bower/-/bower-1.7.9.tgz
41 http 200 https://registry.npmjs.org/bower/-/bower-1.7.9.tgz
42 silly lockFile 1539c588--npmjs-org-bower-bower-1-7-9-tgz https://registry.npmjs.org/bower/-/bower-1.7.9.tgz
43 silly lockFile 1539c588--npmjs-org-bower-bower-1-7-9-tgz https://registry.npmjs.org/bower/-/bower-1.7.9.tgz
44 silly lockFile c07be986-bower-1-7-9 bower@1.7.9
45 silly lockFile c07be986-bower-1-7-9 bower@1.7.9
46 silly lockFile 1240aab1-bower bower@
47 silly lockFile 1240aab1-bower bower@
48 silly resolved [ { name: 'bower',
48 silly resolved     version: '1.7.9',
48 silly resolved     description: 'The browser package manager',
48 silly resolved     author: { name: 'Twitter' },
48 silly resolved     license: 'MIT',
48 silly resolved     repository: { type: 'git', url: 'git+https://github.com/bower/bower.git' },
48 silly resolved     main: 'lib',
48 silly resolved     bin: { bower: 'bin/bower' },
48 silly resolved     homepage: 'http://bower.io',
48 silly resolved     engines: { node: '>=0.10.0' },
48 silly resolved     keywords: [ 'bower' ],
48 silly resolved     files: [ 'bin', 'lib' ],
48 silly resolved     bugs: { url: 'https://github.com/bower/bower/issues' },
48 silly resolved     _id: 'bower@1.7.9',
48 silly resolved     scripts: {},
48 silly resolved     _shasum: 'b7296c2393e0d75edaa6ca39648132dd255812b0',
48 silly resolved     _from: 'bower@',
48 silly resolved     _npmVersion: '3.7.3',
48 silly resolved     _nodeVersion: '5.9.0',
48 silly resolved     _npmUser: { name: 'sheerun', email: 'sheerun@sher.pl' },
48 silly resolved     dist:
48 silly resolved      { shasum: 'b7296c2393e0d75edaa6ca39648132dd255812b0',
48 silly resolved        tarball: 'https://registry.npmjs.org/bower/-/bower-1.7.9.tgz' },
48 silly resolved     maintainers:
48 silly resolved      [ [Object],
48 silly resolved        [Object],
48 silly resolved        [Object],
48 silly resolved        [Object],
48 silly resolved        [Object],
48 silly resolved        [Object],
48 silly resolved        [Object] ],
48 silly resolved     _npmOperationalInternal:
48 silly resolved      { host: 'packages-12-west.internal.npmjs.com',
48 silly resolved        tmp: 'tmp/bower-1.7.9.tgz_1459857239351_0.9720134933013469' },
48 silly resolved     directories: {},
48 silly resolved     _resolved: 'https://registry.npmjs.org/bower/-/bower-1.7.9.tgz' } ]
49 info install bower@1.7.9 into /usr/local/lib
50 info installOne bower@1.7.9
51 verbose lib/node_modules/bower unbuild
52 verbose tar unpack /Users/administrator/.npm/bower/1.7.9/package.tgz
53 silly lockFile 1396471b-usr-local-lib-node-modules-bower tar:///usr/local/lib/node_modules/bower
54 verbose lock tar:///usr/local/lib/node_modules/bower /Users/administrator/.npm/1396471b-usr-local-lib-node-modules-bower.lock
55 silly lockFile 2ffa7604-ator-npm-bower-1-7-9-package-tgz tar:///Users/administrator/.npm/bower/1.7.9/package.tgz
56 verbose lock tar:///Users/administrator/.npm/bower/1.7.9/package.tgz /Users/administrator/.npm/2ffa7604-ator-npm-bower-1-7-9-package-tgz.lock
57 silly gunzTarPerm modes [ '755', '644' ]
58 error Error: EACCES, mkdir '/usr/local/lib/node_modules/bower'
58 error  { [Error: EACCES, mkdir '/usr/local/lib/node_modules/bower']
58 error   errno: 3,
58 error   code: 'EACCES',
58 error   path: '/usr/local/lib/node_modules/bower',
58 error   fstream_type: 'Directory',
58 error   fstream_path: '/usr/local/lib/node_modules/bower',
58 error   fstream_class: 'DirWriter',
58 error   fstream_stack:
58 error    [ '/usr/local/lib/node_modules/npm/node_modules/fstream/lib/dir-writer.js:36:23',
58 error      '/usr/local/lib/node_modules/npm/node_modules/mkdirp/index.js:46:53',
58 error      'Object.oncomplete (fs.js:108:15)' ] }
59 error Please try running this command again as root/Administrator.
60 error System Darwin 14.3.0
61 error command "node" "/usr/local/bin/npm" "install" "-g" "bower"
62 error cwd /Applications/MAMP/htdocs/dataManager
63 error node -v v0.10.34
64 error npm -v 1.4.28
65 error path /usr/local/lib/node_modules/bower
66 error fstream_path /usr/local/lib/node_modules/bower
67 error fstream_type Directory
68 error fstream_class DirWriter
69 error code EACCES
70 error errno 3
71 error stack Error: EACCES, mkdir '/usr/local/lib/node_modules/bower'
72 error fstream_stack /usr/local/lib/node_modules/npm/node_modules/fstream/lib/dir-writer.js:36:23
72 error fstream_stack /usr/local/lib/node_modules/npm/node_modules/mkdirp/index.js:46:53
72 error fstream_stack Object.oncomplete (fs.js:108:15)
73 verbose exit [ 3, true ]
