DEBUG - 2021-04-21 20:48:24 --> UTF-8 Support Enabled
DEBUG - 2021-04-21 20:48:24 --> No URI present. Default controller set.
DEBUG - 2021-04-21 20:48:24 --> Global POST, GET and COOKIE data sanitized
DEBUG - 2021-04-21 20:48:24 --> Config file loaded: /Users/renfrid/Sites/sacids/afyadata/application/config/sacids.php
DEBUG - 2021-04-21 20:48:24 --> Config file loaded: /Users/renfrid/Sites/sacids/afyadata/application/config/pagination.php
DEBUG - 2021-04-21 20:48:24 --> Config file loaded: /Users/renfrid/Sites/sacids/afyadata/application/config/sms.php
DEBUG - 2021-04-21 20:48:24 --> Config file loaded: /Users/renfrid/Sites/sacids/afyadata/application/config/ion_auth.php
DEBUG - 2021-04-21 20:48:24 --> File loaded: /Users/renfrid/Sites/sacids/afyadata/application/modules/auth/models/Ion_auth_model.php
DEBUG - 2021-04-21 20:48:24 --> Xform_comm library initialized
DEBUG - 2021-04-21 20:48:24 --> File loaded: /Users/renfrid/Sites/sacids/afyadata/application/modules/auth/models/User_model.php
DEBUG - 2021-04-21 20:48:24 --> File loaded: /Users/renfrid/Sites/sacids/afyadata/application/modules/auth/models/Group_model.php
DEBUG - 2021-04-21 20:48:24 --> File loaded: /Users/renfrid/Sites/sacids/afyadata/application/modules/auth/models/Users_group_model.php
DEBUG - 2021-04-21 20:48:24 --> File loaded: /Users/renfrid/Sites/sacids/afyadata/application/modules/auth/models/Perms_class_model.php
DEBUG - 2021-04-21 20:48:24 --> File loaded: /Users/renfrid/Sites/sacids/afyadata/application/modules/auth/models/Perms_method_model.php
DEBUG - 2021-04-21 20:48:24 --> File loaded: /Users/renfrid/Sites/sacids/afyadata/application/modules/auth/models/Perms_group_model.php
DEBUG - 2021-04-21 20:48:24 --> File loaded: /Users/renfrid/Sites/sacids/afyadata/application/modules/auth/models/Acl_model.php
DEBUG - 2021-04-21 20:48:24 --> File already loaded: /Users/renfrid/Sites/sacids/afyadata/application/modules/auth/models/Ion_auth_model.php
DEBUG - 2021-04-21 20:48:24 --> File loaded: /Users/renfrid/Sites/sacids/afyadata/application/modules/auth/models/Perm_model.php
DEBUG - 2021-04-21 20:48:24 --> File loaded: /Users/renfrid/Sites/sacids/afyadata/application/modules/xform/models/Submission_model.php
DEBUG - 2021-04-21 20:48:24 --> File loaded: /Users/renfrid/Sites/sacids/afyadata/application/modules/feedback/models/Feedback_model.php
DEBUG - 2021-04-21 20:48:24 --> File loaded: /Users/renfrid/Sites/sacids/afyadata/application/modules/xform/models/Xform_model.php
DEBUG - 2021-04-21 20:48:24 --> File loaded: /Users/renfrid/Sites/sacids/afyadata/application/modules/ohkr/models/Ohkr_model.php
DEBUG - 2021-04-21 20:48:24 --> File loaded: /Users/renfrid/Sites/sacids/afyadata/application/modules/ohkr/models/Disease_model.php
DEBUG - 2021-04-21 20:48:24 --> File loaded: /Users/renfrid/Sites/sacids/afyadata/application/modules/ohkr/models/Symptom_model.php
DEBUG - 2021-04-21 20:48:24 --> File loaded: /Users/renfrid/Sites/sacids/afyadata/application/modules/ohkr/models/Specie_model.php
DEBUG - 2021-04-21 20:48:24 --> File loaded: /Users/renfrid/Sites/sacids/afyadata/application/modules/xform/models/Xformreader_model.php
DEBUG - 2021-04-21 20:48:24 --> Form_auth library initialized
DEBUG - 2021-04-21 20:48:24 --> File loaded: /Users/renfrid/Sites/sacids/afyadata/application/modules/projects/models/Project_model.php
DEBUG - 2021-04-21 20:48:24 --> File loaded: /Users/renfrid/Sites/sacids/afyadata/application/views/web/header.php
DEBUG - 2021-04-21 20:48:24 --> File loaded: /Users/renfrid/Sites/sacids/afyadata/application/views/web/index.php
DEBUG - 2021-04-21 20:48:24 --> File loaded: /Users/renfrid/Sites/sacids/afyadata/application/views/web/footer.php
DEBUG - 2021-04-21 20:48:24 --> Total execution time: 0.0765
DEBUG - 2021-04-21 20:48:24 --> UTF-8 Support Enabled
DEBUG - 2021-04-21 20:48:24 --> Global POST, GET and COOKIE data sanitized
ERROR - 2021-04-21 20:48:24 --> 404 Page Not Found: /index
DEBUG - 2021-04-21 20:48:31 --> UTF-8 Support Enabled
DEBUG - 2021-04-21 20:48:31 --> Global POST, GET and COOKIE data sanitized
DEBUG - 2021-04-21 20:48:31 --> Config file loaded: /Users/renfrid/Sites/sacids/afyadata/application/config/sacids.php
DEBUG - 2021-04-21 20:48:31 --> Config file loaded: /Users/renfrid/Sites/sacids/afyadata/application/config/pagination.php
DEBUG - 2021-04-21 20:48:31 --> Config file loaded: /Users/renfrid/Sites/sacids/afyadata/application/config/sms.php
DEBUG - 2021-04-21 20:48:31 --> Config file loaded: /Users/renfrid/Sites/sacids/afyadata/application/config/ion_auth.php
DEBUG - 2021-04-21 20:48:31 --> File loaded: /Users/renfrid/Sites/sacids/afyadata/application/modules/auth/models/Ion_auth_model.php
DEBUG - 2021-04-21 20:48:31 --> Xform_comm library initialized
DEBUG - 2021-04-21 20:48:31 --> File loaded: /Users/renfrid/Sites/sacids/afyadata/application/modules/auth/models/User_model.php
DEBUG - 2021-04-21 20:48:31 --> File loaded: /Users/renfrid/Sites/sacids/afyadata/application/modules/auth/models/Group_model.php
DEBUG - 2021-04-21 20:48:31 --> File loaded: /Users/renfrid/Sites/sacids/afyadata/application/modules/auth/models/Users_group_model.php
DEBUG - 2021-04-21 20:48:31 --> File loaded: /Users/renfrid/Sites/sacids/afyadata/application/modules/auth/models/Perms_class_model.php
DEBUG - 2021-04-21 20:48:31 --> File loaded: /Users/renfrid/Sites/sacids/afyadata/application/modules/auth/models/Perms_method_model.php
DEBUG - 2021-04-21 20:48:31 --> File loaded: /Users/renfrid/Sites/sacids/afyadata/application/modules/auth/models/Perms_group_model.php
DEBUG - 2021-04-21 20:48:31 --> File loaded: /Users/renfrid/Sites/sacids/afyadata/application/modules/auth/models/Acl_model.php
DEBUG - 2021-04-21 20:48:31 --> File already loaded: /Users/renfrid/Sites/sacids/afyadata/application/modules/auth/models/Ion_auth_model.php
DEBUG - 2021-04-21 20:48:31 --> File loaded: /Users/renfrid/Sites/sacids/afyadata/application/modules/auth/models/Perm_model.php
DEBUG - 2021-04-21 20:48:31 --> File loaded: /Users/renfrid/Sites/sacids/afyadata/application/modules/xform/models/Submission_model.php
DEBUG - 2021-04-21 20:48:31 --> File loaded: /Users/renfrid/Sites/sacids/afyadata/application/modules/feedback/models/Feedback_model.php
DEBUG - 2021-04-21 20:48:31 --> File loaded: /Users/renfrid/Sites/sacids/afyadata/application/modules/xform/models/Xform_model.php
DEBUG - 2021-04-21 20:48:31 --> File loaded: /Users/renfrid/Sites/sacids/afyadata/application/modules/ohkr/models/Ohkr_model.php
DEBUG - 2021-04-21 20:48:31 --> File loaded: /Users/renfrid/Sites/sacids/afyadata/application/modules/ohkr/models/Disease_model.php
DEBUG - 2021-04-21 20:48:31 --> File loaded: /Users/renfrid/Sites/sacids/afyadata/application/modules/ohkr/models/Symptom_model.php
DEBUG - 2021-04-21 20:48:31 --> File loaded: /Users/renfrid/Sites/sacids/afyadata/application/modules/ohkr/models/Specie_model.php
DEBUG - 2021-04-21 20:48:31 --> File loaded: /Users/renfrid/Sites/sacids/afyadata/application/modules/xform/models/Xformreader_model.php
DEBUG - 2021-04-21 20:48:31 --> Form_auth library initialized
DEBUG - 2021-04-21 20:48:31 --> File loaded: /Users/renfrid/Sites/sacids/afyadata/application/modules/projects/models/Project_model.php
DEBUG - 2021-04-21 20:48:31 --> Auth MX_Controller Initialized
DEBUG - 2021-04-21 20:48:31 --> File loaded: /Users/renfrid/Sites/sacids/afyadata/application/views/web/header.php
DEBUG - 2021-04-21 20:48:31 --> File loaded: /Users/renfrid/Sites/sacids/afyadata/application/modules/auth/views/login.php
DEBUG - 2021-04-21 20:48:31 --> File loaded: /Users/renfrid/Sites/sacids/afyadata/application/views/web/footer.php
DEBUG - 2021-04-21 20:48:31 --> Total execution time: 0.0261
DEBUG - 2021-04-21 20:48:31 --> UTF-8 Support Enabled
DEBUG - 2021-04-21 20:48:31 --> Global POST, GET and COOKIE data sanitized
ERROR - 2021-04-21 20:48:31 --> 404 Page Not Found: /index
DEBUG - 2021-04-21 20:48:36 --> UTF-8 Support Enabled
DEBUG - 2021-04-21 20:48:36 --> No URI present. Default controller set.
DEBUG - 2021-04-21 20:48:36 --> Global POST, GET and COOKIE data sanitized
DEBUG - 2021-04-21 20:48:36 --> Config file loaded: /Users/renfrid/Sites/sacids/afyadata/application/config/sacids.php
DEBUG - 2021-04-21 20:48:36 --> Config file loaded: /Users/renfrid/Sites/sacids/afyadata/application/config/pagination.php
DEBUG - 2021-04-21 20:48:36 --> Config file loaded: /Users/renfrid/Sites/sacids/afyadata/application/config/sms.php
DEBUG - 2021-04-21 20:48:36 --> Config file loaded: /Users/renfrid/Sites/sacids/afyadata/application/config/ion_auth.php
DEBUG - 2021-04-21 20:48:36 --> File loaded: /Users/renfrid/Sites/sacids/afyadata/application/modules/auth/models/Ion_auth_model.php
DEBUG - 2021-04-21 20:48:36 --> Xform_comm library initialized
DEBUG - 2021-04-21 20:48:36 --> File loaded: /Users/renfrid/Sites/sacids/afyadata/application/modules/auth/models/User_model.php
DEBUG - 2021-04-21 20:48:36 --> File loaded: /Users/renfrid/Sites/sacids/afyadata/application/modules/auth/models/Group_model.php
DEBUG - 2021-04-21 20:48:36 --> File loaded: /Users/renfrid/Sites/sacids/afyadata/application/modules/auth/models/Users_group_model.php
DEBUG - 2021-04-21 20:48:36 --> File loaded: /Users/renfrid/Sites/sacids/afyadata/application/modules/auth/models/Perms_class_model.php
DEBUG - 2021-04-21 20:48:36 --> File loaded: /Users/renfrid/Sites/sacids/afyadata/application/modules/auth/models/Perms_method_model.php
DEBUG - 2021-04-21 20:48:36 --> File loaded: /Users/renfrid/Sites/sacids/afyadata/application/modules/auth/models/Perms_group_model.php
DEBUG - 2021-04-21 20:48:36 --> File loaded: /Users/renfrid/Sites/sacids/afyadata/application/modules/auth/models/Acl_model.php
DEBUG - 2021-04-21 20:48:36 --> File already loaded: /Users/renfrid/Sites/sacids/afyadata/application/modules/auth/models/Ion_auth_model.php
DEBUG - 2021-04-21 20:48:36 --> File loaded: /Users/renfrid/Sites/sacids/afyadata/application/modules/auth/models/Perm_model.php
DEBUG - 2021-04-21 20:48:36 --> File loaded: /Users/renfrid/Sites/sacids/afyadata/application/modules/xform/models/Submission_model.php
DEBUG - 2021-04-21 20:48:36 --> File loaded: /Users/renfrid/Sites/sacids/afyadata/application/modules/feedback/models/Feedback_model.php
DEBUG - 2021-04-21 20:48:36 --> File loaded: /Users/renfrid/Sites/sacids/afyadata/application/modules/xform/models/Xform_model.php
DEBUG - 2021-04-21 20:48:36 --> File loaded: /Users/renfrid/Sites/sacids/afyadata/application/modules/ohkr/models/Ohkr_model.php
DEBUG - 2021-04-21 20:48:36 --> File loaded: /Users/renfrid/Sites/sacids/afyadata/application/modules/ohkr/models/Disease_model.php
DEBUG - 2021-04-21 20:48:36 --> File loaded: /Users/renfrid/Sites/sacids/afyadata/application/modules/ohkr/models/Symptom_model.php
DEBUG - 2021-04-21 20:48:36 --> File loaded: /Users/renfrid/Sites/sacids/afyadata/application/modules/ohkr/models/Specie_model.php
DEBUG - 2021-04-21 20:48:36 --> File loaded: /Users/renfrid/Sites/sacids/afyadata/application/modules/xform/models/Xformreader_model.php
DEBUG - 2021-04-21 20:48:36 --> Form_auth library initialized
DEBUG - 2021-04-21 20:48:36 --> File loaded: /Users/renfrid/Sites/sacids/afyadata/application/modules/projects/models/Project_model.php
DEBUG - 2021-04-21 20:48:36 --> File loaded: /Users/renfrid/Sites/sacids/afyadata/application/views/web/header.php
DEBUG - 2021-04-21 20:48:36 --> File loaded: /Users/renfrid/Sites/sacids/afyadata/application/views/web/index.php
DEBUG - 2021-04-21 20:48:36 --> File loaded: /Users/renfrid/Sites/sacids/afyadata/application/views/web/footer.php
DEBUG - 2021-04-21 20:48:36 --> Total execution time: 0.0197
DEBUG - 2021-04-21 20:48:36 --> UTF-8 Support Enabled
DEBUG - 2021-04-21 20:48:36 --> Global POST, GET and COOKIE data sanitized
ERROR - 2021-04-21 20:48:36 --> 404 Page Not Found: /index
DEBUG - 2021-04-21 20:48:39 --> UTF-8 Support Enabled
DEBUG - 2021-04-21 20:48:39 --> Global POST, GET and COOKIE data sanitized
DEBUG - 2021-04-21 20:48:39 --> Config file loaded: /Users/renfrid/Sites/sacids/afyadata/application/config/sacids.php
DEBUG - 2021-04-21 20:48:39 --> Config file loaded: /Users/renfrid/Sites/sacids/afyadata/application/config/pagination.php
DEBUG - 2021-04-21 20:48:39 --> Config file loaded: /Users/renfrid/Sites/sacids/afyadata/application/config/sms.php
DEBUG - 2021-04-21 20:48:39 --> Config file loaded: /Users/renfrid/Sites/sacids/afyadata/application/config/ion_auth.php
DEBUG - 2021-04-21 20:48:39 --> File loaded: /Users/renfrid/Sites/sacids/afyadata/application/modules/auth/models/Ion_auth_model.php
DEBUG - 2021-04-21 20:48:39 --> Xform_comm library initialized
DEBUG - 2021-04-21 20:48:39 --> File loaded: /Users/renfrid/Sites/sacids/afyadata/application/modules/auth/models/User_model.php
DEBUG - 2021-04-21 20:48:39 --> File loaded: /Users/renfrid/Sites/sacids/afyadata/application/modules/auth/models/Group_model.php
DEBUG - 2021-04-21 20:48:39 --> File loaded: /Users/renfrid/Sites/sacids/afyadata/application/modules/auth/models/Users_group_model.php
DEBUG - 2021-04-21 20:48:39 --> File loaded: /Users/renfrid/Sites/sacids/afyadata/application/modules/auth/models/Perms_class_model.php
DEBUG - 2021-04-21 20:48:39 --> File loaded: /Users/renfrid/Sites/sacids/afyadata/application/modules/auth/models/Perms_method_model.php
DEBUG - 2021-04-21 20:48:39 --> File loaded: /Users/renfrid/Sites/sacids/afyadata/application/modules/auth/models/Perms_group_model.php
DEBUG - 2021-04-21 20:48:39 --> File loaded: /Users/renfrid/Sites/sacids/afyadata/application/modules/auth/models/Acl_model.php
DEBUG - 2021-04-21 20:48:39 --> File already loaded: /Users/renfrid/Sites/sacids/afyadata/application/modules/auth/models/Ion_auth_model.php
DEBUG - 2021-04-21 20:48:39 --> File loaded: /Users/renfrid/Sites/sacids/afyadata/application/modules/auth/models/Perm_model.php
DEBUG - 2021-04-21 20:48:39 --> File loaded: /Users/renfrid/Sites/sacids/afyadata/application/modules/xform/models/Submission_model.php
DEBUG - 2021-04-21 20:48:39 --> File loaded: /Users/renfrid/Sites/sacids/afyadata/application/modules/feedback/models/Feedback_model.php
DEBUG - 2021-04-21 20:48:39 --> File loaded: /Users/renfrid/Sites/sacids/afyadata/application/modules/xform/models/Xform_model.php
DEBUG - 2021-04-21 20:48:39 --> File loaded: /Users/renfrid/Sites/sacids/afyadata/application/modules/ohkr/models/Ohkr_model.php
DEBUG - 2021-04-21 20:48:39 --> File loaded: /Users/renfrid/Sites/sacids/afyadata/application/modules/ohkr/models/Disease_model.php
DEBUG - 2021-04-21 20:48:39 --> File loaded: /Users/renfrid/Sites/sacids/afyadata/application/modules/ohkr/models/Symptom_model.php
DEBUG - 2021-04-21 20:48:39 --> File loaded: /Users/renfrid/Sites/sacids/afyadata/application/modules/ohkr/models/Specie_model.php
DEBUG - 2021-04-21 20:48:39 --> File loaded: /Users/renfrid/Sites/sacids/afyadata/application/modules/xform/models/Xformreader_model.php
DEBUG - 2021-04-21 20:48:39 --> Form_auth library initialized
DEBUG - 2021-04-21 20:48:39 --> File loaded: /Users/renfrid/Sites/sacids/afyadata/application/modules/projects/models/Project_model.php
DEBUG - 2021-04-21 20:48:39 --> Auth MX_Controller Initialized
DEBUG - 2021-04-21 20:48:39 --> File loaded: /Users/renfrid/Sites/sacids/afyadata/application/views/web/header.php
DEBUG - 2021-04-21 20:48:39 --> File loaded: /Users/renfrid/Sites/sacids/afyadata/application/modules/auth/views/login.php
DEBUG - 2021-04-21 20:48:39 --> File loaded: /Users/renfrid/Sites/sacids/afyadata/application/views/web/footer.php
DEBUG - 2021-04-21 20:48:39 --> Total execution time: 0.0101
DEBUG - 2021-04-21 20:48:39 --> UTF-8 Support Enabled
DEBUG - 2021-04-21 20:48:39 --> Global POST, GET and COOKIE data sanitized
ERROR - 2021-04-21 20:48:39 --> 404 Page Not Found: /index
DEBUG - 2021-04-21 20:48:45 --> UTF-8 Support Enabled
DEBUG - 2021-04-21 20:48:45 --> Global POST, GET and COOKIE data sanitized
DEBUG - 2021-04-21 20:48:45 --> Config file loaded: /Users/renfrid/Sites/sacids/afyadata/application/config/sacids.php
DEBUG - 2021-04-21 20:48:45 --> Config file loaded: /Users/renfrid/Sites/sacids/afyadata/application/config/pagination.php
DEBUG - 2021-04-21 20:48:45 --> Config file loaded: /Users/renfrid/Sites/sacids/afyadata/application/config/sms.php
DEBUG - 2021-04-21 20:48:45 --> Config file loaded: /Users/renfrid/Sites/sacids/afyadata/application/config/ion_auth.php
DEBUG - 2021-04-21 20:48:45 --> File loaded: /Users/renfrid/Sites/sacids/afyadata/application/modules/auth/models/Ion_auth_model.php
DEBUG - 2021-04-21 20:48:45 --> Xform_comm library initialized
DEBUG - 2021-04-21 20:48:45 --> File loaded: /Users/renfrid/Sites/sacids/afyadata/application/modules/auth/models/User_model.php
DEBUG - 2021-04-21 20:48:45 --> File loaded: /Users/renfrid/Sites/sacids/afyadata/application/modules/auth/models/Group_model.php
DEBUG - 2021-04-21 20:48:45 --> File loaded: /Users/renfrid/Sites/sacids/afyadata/application/modules/auth/models/Users_group_model.php
DEBUG - 2021-04-21 20:48:45 --> File loaded: /Users/renfrid/Sites/sacids/afyadata/application/modules/auth/models/Perms_class_model.php
DEBUG - 2021-04-21 20:48:45 --> File loaded: /Users/renfrid/Sites/sacids/afyadata/application/modules/auth/models/Perms_method_model.php
DEBUG - 2021-04-21 20:48:45 --> File loaded: /Users/renfrid/Sites/sacids/afyadata/application/modules/auth/models/Perms_group_model.php
DEBUG - 2021-04-21 20:48:45 --> File loaded: /Users/renfrid/Sites/sacids/afyadata/application/modules/auth/models/Acl_model.php
DEBUG - 2021-04-21 20:48:45 --> File already loaded: /Users/renfrid/Sites/sacids/afyadata/application/modules/auth/models/Ion_auth_model.php
DEBUG - 2021-04-21 20:48:45 --> File loaded: /Users/renfrid/Sites/sacids/afyadata/application/modules/auth/models/Perm_model.php
DEBUG - 2021-04-21 20:48:45 --> File loaded: /Users/renfrid/Sites/sacids/afyadata/application/modules/xform/models/Submission_model.php
DEBUG - 2021-04-21 20:48:45 --> File loaded: /Users/renfrid/Sites/sacids/afyadata/application/modules/feedback/models/Feedback_model.php
DEBUG - 2021-04-21 20:48:45 --> File loaded: /Users/renfrid/Sites/sacids/afyadata/application/modules/xform/models/Xform_model.php
DEBUG - 2021-04-21 20:48:45 --> File loaded: /Users/renfrid/Sites/sacids/afyadata/application/modules/ohkr/models/Ohkr_model.php
DEBUG - 2021-04-21 20:48:45 --> File loaded: /Users/renfrid/Sites/sacids/afyadata/application/modules/ohkr/models/Disease_model.php
DEBUG - 2021-04-21 20:48:45 --> File loaded: /Users/renfrid/Sites/sacids/afyadata/application/modules/ohkr/models/Symptom_model.php
DEBUG - 2021-04-21 20:48:45 --> File loaded: /Users/renfrid/Sites/sacids/afyadata/application/modules/ohkr/models/Specie_model.php
DEBUG - 2021-04-21 20:48:45 --> File loaded: /Users/renfrid/Sites/sacids/afyadata/application/modules/xform/models/Xformreader_model.php
DEBUG - 2021-04-21 20:48:45 --> Form_auth library initialized
DEBUG - 2021-04-21 20:48:45 --> File loaded: /Users/renfrid/Sites/sacids/afyadata/application/modules/projects/models/Project_model.php
DEBUG - 2021-04-21 20:48:45 --> Auth MX_Controller Initialized
DEBUG - 2021-04-21 20:48:45 --> UTF-8 Support Enabled
DEBUG - 2021-04-21 20:48:45 --> Global POST, GET and COOKIE data sanitized
DEBUG - 2021-04-21 20:48:45 --> Config file loaded: /Users/renfrid/Sites/sacids/afyadata/application/config/sacids.php
DEBUG - 2021-04-21 20:48:45 --> Config file loaded: /Users/renfrid/Sites/sacids/afyadata/application/config/pagination.php
DEBUG - 2021-04-21 20:48:45 --> Config file loaded: /Users/renfrid/Sites/sacids/afyadata/application/config/sms.php
DEBUG - 2021-04-21 20:48:45 --> Config file loaded: /Users/renfrid/Sites/sacids/afyadata/application/config/ion_auth.php
DEBUG - 2021-04-21 20:48:45 --> File loaded: /Users/renfrid/Sites/sacids/afyadata/application/modules/auth/models/Ion_auth_model.php
DEBUG - 2021-04-21 20:48:45 --> Xform_comm library initialized
DEBUG - 2021-04-21 20:48:45 --> File loaded: /Users/renfrid/Sites/sacids/afyadata/application/modules/auth/models/User_model.php
DEBUG - 2021-04-21 20:48:45 --> File loaded: /Users/renfrid/Sites/sacids/afyadata/application/modules/auth/models/Group_model.php
DEBUG - 2021-04-21 20:48:45 --> File loaded: /Users/renfrid/Sites/sacids/afyadata/application/modules/auth/models/Users_group_model.php
DEBUG - 2021-04-21 20:48:45 --> File loaded: /Users/renfrid/Sites/sacids/afyadata/application/modules/auth/models/Perms_class_model.php
DEBUG - 2021-04-21 20:48:45 --> File loaded: /Users/renfrid/Sites/sacids/afyadata/application/modules/auth/models/Perms_method_model.php
DEBUG - 2021-04-21 20:48:45 --> File loaded: /Users/renfrid/Sites/sacids/afyadata/application/modules/auth/models/Perms_group_model.php
DEBUG - 2021-04-21 20:48:45 --> File loaded: /Users/renfrid/Sites/sacids/afyadata/application/modules/auth/models/Acl_model.php
DEBUG - 2021-04-21 20:48:45 --> File already loaded: /Users/renfrid/Sites/sacids/afyadata/application/modules/auth/models/Ion_auth_model.php
DEBUG - 2021-04-21 20:48:45 --> File loaded: /Users/renfrid/Sites/sacids/afyadata/application/modules/auth/models/Perm_model.php
DEBUG - 2021-04-21 20:48:45 --> File loaded: /Users/renfrid/Sites/sacids/afyadata/application/modules/xform/models/Submission_model.php
DEBUG - 2021-04-21 20:48:45 --> File loaded: /Users/renfrid/Sites/sacids/afyadata/application/modules/feedback/models/Feedback_model.php
DEBUG - 2021-04-21 20:48:45 --> File loaded: /Users/renfrid/Sites/sacids/afyadata/application/modules/xform/models/Xform_model.php
DEBUG - 2021-04-21 20:48:45 --> File loaded: /Users/renfrid/Sites/sacids/afyadata/application/modules/ohkr/models/Ohkr_model.php
DEBUG - 2021-04-21 20:48:45 --> File loaded: /Users/renfrid/Sites/sacids/afyadata/application/modules/ohkr/models/Disease_model.php
DEBUG - 2021-04-21 20:48:45 --> File loaded: /Users/renfrid/Sites/sacids/afyadata/application/modules/ohkr/models/Symptom_model.php
DEBUG - 2021-04-21 20:48:45 --> File loaded: /Users/renfrid/Sites/sacids/afyadata/application/modules/ohkr/models/Specie_model.php
DEBUG - 2021-04-21 20:48:45 --> File loaded: /Users/renfrid/Sites/sacids/afyadata/application/modules/xform/models/Xformreader_model.php
DEBUG - 2021-04-21 20:48:45 --> Form_auth library initialized
DEBUG - 2021-04-21 20:48:45 --> File loaded: /Users/renfrid/Sites/sacids/afyadata/application/modules/projects/models/Project_model.php
DEBUG - 2021-04-21 20:48:45 --> Auth MX_Controller Initialized
DEBUG - 2021-04-21 20:48:45 --> UTF-8 Support Enabled
DEBUG - 2021-04-21 20:48:45 --> Global POST, GET and COOKIE data sanitized
DEBUG - 2021-04-21 20:48:45 --> Config file loaded: /Users/renfrid/Sites/sacids/afyadata/application/config/sacids.php
DEBUG - 2021-04-21 20:48:45 --> Config file loaded: /Users/renfrid/Sites/sacids/afyadata/application/config/pagination.php
DEBUG - 2021-04-21 20:48:45 --> Config file loaded: /Users/renfrid/Sites/sacids/afyadata/application/config/sms.php
DEBUG - 2021-04-21 20:48:45 --> Config file loaded: /Users/renfrid/Sites/sacids/afyadata/application/config/ion_auth.php
DEBUG - 2021-04-21 20:48:45 --> File loaded: /Users/renfrid/Sites/sacids/afyadata/application/modules/auth/models/Ion_auth_model.php
DEBUG - 2021-04-21 20:48:45 --> Xform_comm library initialized
DEBUG - 2021-04-21 20:48:45 --> File loaded: /Users/renfrid/Sites/sacids/afyadata/application/modules/auth/models/User_model.php
DEBUG - 2021-04-21 20:48:45 --> File loaded: /Users/renfrid/Sites/sacids/afyadata/application/modules/auth/models/Group_model.php
DEBUG - 2021-04-21 20:48:45 --> File loaded: /Users/renfrid/Sites/sacids/afyadata/application/modules/auth/models/Users_group_model.php
DEBUG - 2021-04-21 20:48:45 --> File loaded: /Users/renfrid/Sites/sacids/afyadata/application/modules/auth/models/Perms_class_model.php
DEBUG - 2021-04-21 20:48:45 --> File loaded: /Users/renfrid/Sites/sacids/afyadata/application/modules/auth/models/Perms_method_model.php
DEBUG - 2021-04-21 20:48:45 --> File loaded: /Users/renfrid/Sites/sacids/afyadata/application/modules/auth/models/Perms_group_model.php
DEBUG - 2021-04-21 20:48:45 --> File loaded: /Users/renfrid/Sites/sacids/afyadata/application/modules/auth/models/Acl_model.php
DEBUG - 2021-04-21 20:48:45 --> File already loaded: /Users/renfrid/Sites/sacids/afyadata/application/modules/auth/models/Ion_auth_model.php
DEBUG - 2021-04-21 20:48:45 --> File loaded: /Users/renfrid/Sites/sacids/afyadata/application/modules/auth/models/Perm_model.php
DEBUG - 2021-04-21 20:48:45 --> File loaded: /Users/renfrid/Sites/sacids/afyadata/application/modules/xform/models/Submission_model.php
DEBUG - 2021-04-21 20:48:45 --> File loaded: /Users/renfrid/Sites/sacids/afyadata/application/modules/feedback/models/Feedback_model.php
DEBUG - 2021-04-21 20:48:45 --> File loaded: /Users/renfrid/Sites/sacids/afyadata/application/modules/xform/models/Xform_model.php
DEBUG - 2021-04-21 20:48:45 --> File loaded: /Users/renfrid/Sites/sacids/afyadata/application/modules/ohkr/models/Ohkr_model.php
DEBUG - 2021-04-21 20:48:45 --> File loaded: /Users/renfrid/Sites/sacids/afyadata/application/modules/ohkr/models/Disease_model.php
DEBUG - 2021-04-21 20:48:45 --> File loaded: /Users/renfrid/Sites/sacids/afyadata/application/modules/ohkr/models/Symptom_model.php
DEBUG - 2021-04-21 20:48:45 --> File loaded: /Users/renfrid/Sites/sacids/afyadata/application/modules/ohkr/models/Specie_model.php
DEBUG - 2021-04-21 20:48:45 --> File loaded: /Users/renfrid/Sites/sacids/afyadata/application/modules/xform/models/Xformreader_model.php
DEBUG - 2021-04-21 20:48:45 --> Form_auth library initialized
DEBUG - 2021-04-21 20:48:45 --> File loaded: /Users/renfrid/Sites/sacids/afyadata/application/modules/projects/models/Project_model.php
DEBUG - 2021-04-21 20:48:45 --> File loaded: /Users/renfrid/Sites/sacids/afyadata/application/views/header.php
DEBUG - 2021-04-21 20:48:45 --> File loaded: /Users/renfrid/Sites/sacids/afyadata/application/views/index.php
DEBUG - 2021-04-21 20:48:45 --> File loaded: /Users/renfrid/Sites/sacids/afyadata/application/views/footer.php
DEBUG - 2021-04-21 20:48:45 --> Total execution time: 0.0534
DEBUG - 2021-04-21 20:48:54 --> UTF-8 Support Enabled
DEBUG - 2021-04-21 20:48:54 --> Global POST, GET and COOKIE data sanitized
DEBUG - 2021-04-21 20:48:54 --> Config file loaded: /Users/renfrid/Sites/sacids/afyadata/application/config/sacids.php
DEBUG - 2021-04-21 20:48:54 --> Config file loaded: /Users/renfrid/Sites/sacids/afyadata/application/config/pagination.php
DEBUG - 2021-04-21 20:48:54 --> Config file loaded: /Users/renfrid/Sites/sacids/afyadata/application/config/sms.php
DEBUG - 2021-04-21 20:48:54 --> Config file loaded: /Users/renfrid/Sites/sacids/afyadata/application/config/ion_auth.php
DEBUG - 2021-04-21 20:48:54 --> File loaded: /Users/renfrid/Sites/sacids/afyadata/application/modules/auth/models/Ion_auth_model.php
DEBUG - 2021-04-21 20:48:54 --> Xform_comm library initialized
DEBUG - 2021-04-21 20:48:54 --> File loaded: /Users/renfrid/Sites/sacids/afyadata/application/modules/auth/models/User_model.php
DEBUG - 2021-04-21 20:48:54 --> File loaded: /Users/renfrid/Sites/sacids/afyadata/application/modules/auth/models/Group_model.php
DEBUG - 2021-04-21 20:48:54 --> File loaded: /Users/renfrid/Sites/sacids/afyadata/application/modules/auth/models/Users_group_model.php
DEBUG - 2021-04-21 20:48:54 --> File loaded: /Users/renfrid/Sites/sacids/afyadata/application/modules/auth/models/Perms_class_model.php
DEBUG - 2021-04-21 20:48:54 --> File loaded: /Users/renfrid/Sites/sacids/afyadata/application/modules/auth/models/Perms_method_model.php
DEBUG - 2021-04-21 20:48:54 --> File loaded: /Users/renfrid/Sites/sacids/afyadata/application/modules/auth/models/Perms_group_model.php
DEBUG - 2021-04-21 20:48:54 --> File loaded: /Users/renfrid/Sites/sacids/afyadata/application/modules/auth/models/Acl_model.php
DEBUG - 2021-04-21 20:48:54 --> File already loaded: /Users/renfrid/Sites/sacids/afyadata/application/modules/auth/models/Ion_auth_model.php
DEBUG - 2021-04-21 20:48:54 --> File loaded: /Users/renfrid/Sites/sacids/afyadata/application/modules/auth/models/Perm_model.php
DEBUG - 2021-04-21 20:48:54 --> File loaded: /Users/renfrid/Sites/sacids/afyadata/application/modules/xform/models/Submission_model.php
DEBUG - 2021-04-21 20:48:54 --> File loaded: /Users/renfrid/Sites/sacids/afyadata/application/modules/feedback/models/Feedback_model.php
DEBUG - 2021-04-21 20:48:54 --> File loaded: /Users/renfrid/Sites/sacids/afyadata/application/modules/xform/models/Xform_model.php
DEBUG - 2021-04-21 20:48:54 --> File loaded: /Users/renfrid/Sites/sacids/afyadata/application/modules/ohkr/models/Ohkr_model.php
DEBUG - 2021-04-21 20:48:54 --> File loaded: /Users/renfrid/Sites/sacids/afyadata/application/modules/ohkr/models/Disease_model.php
DEBUG - 2021-04-21 20:48:54 --> File loaded: /Users/renfrid/Sites/sacids/afyadata/application/modules/ohkr/models/Symptom_model.php
DEBUG - 2021-04-21 20:48:54 --> File loaded: /Users/renfrid/Sites/sacids/afyadata/application/modules/ohkr/models/Specie_model.php
DEBUG - 2021-04-21 20:48:54 --> File loaded: /Users/renfrid/Sites/sacids/afyadata/application/modules/xform/models/Xformreader_model.php
DEBUG - 2021-04-21 20:48:54 --> Form_auth library initialized
DEBUG - 2021-04-21 20:48:54 --> File loaded: /Users/renfrid/Sites/sacids/afyadata/application/modules/projects/models/Project_model.php
DEBUG - 2021-04-21 20:48:54 --> Projects MX_Controller Initialized
DEBUG - 2021-04-21 20:48:54 --> File loaded: /Users/renfrid/Sites/sacids/afyadata/application/views/header.php
DEBUG - 2021-04-21 20:48:54 --> File loaded: /Users/renfrid/Sites/sacids/afyadata/application/modules/projects/views/form/index.php
DEBUG - 2021-04-21 20:48:54 --> File loaded: /Users/renfrid/Sites/sacids/afyadata/application/views/footer.php
DEBUG - 2021-04-21 20:48:54 --> Total execution time: 0.0250
DEBUG - 2021-04-21 20:48:59 --> UTF-8 Support Enabled
DEBUG - 2021-04-21 20:48:59 --> Global POST, GET and COOKIE data sanitized
DEBUG - 2021-04-21 20:48:59 --> Config file loaded: /Users/renfrid/Sites/sacids/afyadata/application/config/sacids.php
DEBUG - 2021-04-21 20:48:59 --> Config file loaded: /Users/renfrid/Sites/sacids/afyadata/application/config/pagination.php
DEBUG - 2021-04-21 20:48:59 --> Config file loaded: /Users/renfrid/Sites/sacids/afyadata/application/config/sms.php
DEBUG - 2021-04-21 20:48:59 --> Config file loaded: /Users/renfrid/Sites/sacids/afyadata/application/config/ion_auth.php
DEBUG - 2021-04-21 20:48:59 --> File loaded: /Users/renfrid/Sites/sacids/afyadata/application/modules/auth/models/Ion_auth_model.php
DEBUG - 2021-04-21 20:48:59 --> Xform_comm library initialized
DEBUG - 2021-04-21 20:48:59 --> File loaded: /Users/renfrid/Sites/sacids/afyadata/application/modules/auth/models/User_model.php
DEBUG - 2021-04-21 20:48:59 --> File loaded: /Users/renfrid/Sites/sacids/afyadata/application/modules/auth/models/Group_model.php
DEBUG - 2021-04-21 20:48:59 --> File loaded: /Users/renfrid/Sites/sacids/afyadata/application/modules/auth/models/Users_group_model.php
DEBUG - 2021-04-21 20:48:59 --> File loaded: /Users/renfrid/Sites/sacids/afyadata/application/modules/auth/models/Perms_class_model.php
DEBUG - 2021-04-21 20:48:59 --> File loaded: /Users/renfrid/Sites/sacids/afyadata/application/modules/auth/models/Perms_method_model.php
DEBUG - 2021-04-21 20:48:59 --> File loaded: /Users/renfrid/Sites/sacids/afyadata/application/modules/auth/models/Perms_group_model.php
DEBUG - 2021-04-21 20:48:59 --> File loaded: /Users/renfrid/Sites/sacids/afyadata/application/modules/auth/models/Acl_model.php
DEBUG - 2021-04-21 20:48:59 --> File already loaded: /Users/renfrid/Sites/sacids/afyadata/application/modules/auth/models/Ion_auth_model.php
DEBUG - 2021-04-21 20:48:59 --> File loaded: /Users/renfrid/Sites/sacids/afyadata/application/modules/auth/models/Perm_model.php
DEBUG - 2021-04-21 20:48:59 --> File loaded: /Users/renfrid/Sites/sacids/afyadata/application/modules/xform/models/Submission_model.php
DEBUG - 2021-04-21 20:48:59 --> File loaded: /Users/renfrid/Sites/sacids/afyadata/application/modules/feedback/models/Feedback_model.php
DEBUG - 2021-04-21 20:48:59 --> File loaded: /Users/renfrid/Sites/sacids/afyadata/application/modules/xform/models/Xform_model.php
DEBUG - 2021-04-21 20:48:59 --> File loaded: /Users/renfrid/Sites/sacids/afyadata/application/modules/ohkr/models/Ohkr_model.php
DEBUG - 2021-04-21 20:48:59 --> File loaded: /Users/renfrid/Sites/sacids/afyadata/application/modules/ohkr/models/Disease_model.php
DEBUG - 2021-04-21 20:48:59 --> File loaded: /Users/renfrid/Sites/sacids/afyadata/application/modules/ohkr/models/Symptom_model.php
DEBUG - 2021-04-21 20:48:59 --> File loaded: /Users/renfrid/Sites/sacids/afyadata/application/modules/ohkr/models/Specie_model.php
DEBUG - 2021-04-21 20:48:59 --> File loaded: /Users/renfrid/Sites/sacids/afyadata/application/modules/xform/models/Xformreader_model.php
DEBUG - 2021-04-21 20:48:59 --> Form_auth library initialized
DEBUG - 2021-04-21 20:48:59 --> File loaded: /Users/renfrid/Sites/sacids/afyadata/application/modules/projects/models/Project_model.php
DEBUG - 2021-04-21 20:48:59 --> Projects MX_Controller Initialized
DEBUG - 2021-04-21 20:48:59 --> File loaded: /Users/renfrid/Sites/sacids/afyadata/application/views/header.php
DEBUG - 2021-04-21 20:48:59 --> File loaded: /Users/renfrid/Sites/sacids/afyadata/application/modules/projects/views/lists.php
DEBUG - 2021-04-21 20:48:59 --> File loaded: /Users/renfrid/Sites/sacids/afyadata/application/views/footer.php
DEBUG - 2021-04-21 20:48:59 --> Total execution time: 0.0246
DEBUG - 2021-04-21 20:49:02 --> UTF-8 Support Enabled
DEBUG - 2021-04-21 20:49:02 --> Global POST, GET and COOKIE data sanitized
DEBUG - 2021-04-21 20:49:02 --> Config file loaded: /Users/renfrid/Sites/sacids/afyadata/application/config/sacids.php
DEBUG - 2021-04-21 20:49:02 --> Config file loaded: /Users/renfrid/Sites/sacids/afyadata/application/config/pagination.php
DEBUG - 2021-04-21 20:49:02 --> Config file loaded: /Users/renfrid/Sites/sacids/afyadata/application/config/sms.php
DEBUG - 2021-04-21 20:49:02 --> Config file loaded: /Users/renfrid/Sites/sacids/afyadata/application/config/ion_auth.php
DEBUG - 2021-04-21 20:49:02 --> File loaded: /Users/renfrid/Sites/sacids/afyadata/application/modules/auth/models/Ion_auth_model.php
DEBUG - 2021-04-21 20:49:02 --> Xform_comm library initialized
DEBUG - 2021-04-21 20:49:02 --> File loaded: /Users/renfrid/Sites/sacids/afyadata/application/modules/auth/models/User_model.php
DEBUG - 2021-04-21 20:49:02 --> File loaded: /Users/renfrid/Sites/sacids/afyadata/application/modules/auth/models/Group_model.php
DEBUG - 2021-04-21 20:49:02 --> File loaded: /Users/renfrid/Sites/sacids/afyadata/application/modules/auth/models/Users_group_model.php
DEBUG - 2021-04-21 20:49:02 --> File loaded: /Users/renfrid/Sites/sacids/afyadata/application/modules/auth/models/Perms_class_model.php
DEBUG - 2021-04-21 20:49:02 --> File loaded: /Users/renfrid/Sites/sacids/afyadata/application/modules/auth/models/Perms_method_model.php
DEBUG - 2021-04-21 20:49:02 --> File loaded: /Users/renfrid/Sites/sacids/afyadata/application/modules/auth/models/Perms_group_model.php
DEBUG - 2021-04-21 20:49:02 --> File loaded: /Users/renfrid/Sites/sacids/afyadata/application/modules/auth/models/Acl_model.php
DEBUG - 2021-04-21 20:49:02 --> File already loaded: /Users/renfrid/Sites/sacids/afyadata/application/modules/auth/models/Ion_auth_model.php
DEBUG - 2021-04-21 20:49:02 --> File loaded: /Users/renfrid/Sites/sacids/afyadata/application/modules/auth/models/Perm_model.php
DEBUG - 2021-04-21 20:49:02 --> File loaded: /Users/renfrid/Sites/sacids/afyadata/application/modules/xform/models/Submission_model.php
DEBUG - 2021-04-21 20:49:02 --> File loaded: /Users/renfrid/Sites/sacids/afyadata/application/modules/feedback/models/Feedback_model.php
DEBUG - 2021-04-21 20:49:02 --> File loaded: /Users/renfrid/Sites/sacids/afyadata/application/modules/xform/models/Xform_model.php
DEBUG - 2021-04-21 20:49:02 --> File loaded: /Users/renfrid/Sites/sacids/afyadata/application/modules/ohkr/models/Ohkr_model.php
DEBUG - 2021-04-21 20:49:02 --> File loaded: /Users/renfrid/Sites/sacids/afyadata/application/modules/ohkr/models/Disease_model.php
DEBUG - 2021-04-21 20:49:02 --> File loaded: /Users/renfrid/Sites/sacids/afyadata/application/modules/ohkr/models/Symptom_model.php
DEBUG - 2021-04-21 20:49:02 --> File loaded: /Users/renfrid/Sites/sacids/afyadata/application/modules/ohkr/models/Specie_model.php
DEBUG - 2021-04-21 20:49:02 --> File loaded: /Users/renfrid/Sites/sacids/afyadata/application/modules/xform/models/Xformreader_model.php
DEBUG - 2021-04-21 20:49:02 --> Form_auth library initialized
DEBUG - 2021-04-21 20:49:02 --> File loaded: /Users/renfrid/Sites/sacids/afyadata/application/modules/projects/models/Project_model.php
DEBUG - 2021-04-21 20:49:02 --> Projects MX_Controller Initialized
DEBUG - 2021-04-21 20:49:02 --> File loaded: /Users/renfrid/Sites/sacids/afyadata/application/views/header.php
DEBUG - 2021-04-21 20:49:02 --> File loaded: /Users/renfrid/Sites/sacids/afyadata/application/modules/projects/views/add_new.php
DEBUG - 2021-04-21 20:49:02 --> File loaded: /Users/renfrid/Sites/sacids/afyadata/application/views/footer.php
DEBUG - 2021-04-21 20:49:02 --> Total execution time: 0.0294
DEBUG - 2021-04-21 20:49:04 --> UTF-8 Support Enabled
DEBUG - 2021-04-21 20:49:04 --> Global POST, GET and COOKIE data sanitized
DEBUG - 2021-04-21 20:49:04 --> Config file loaded: /Users/renfrid/Sites/sacids/afyadata/application/config/sacids.php
DEBUG - 2021-04-21 20:49:04 --> Config file loaded: /Users/renfrid/Sites/sacids/afyadata/application/config/pagination.php
DEBUG - 2021-04-21 20:49:04 --> Config file loaded: /Users/renfrid/Sites/sacids/afyadata/application/config/sms.php
DEBUG - 2021-04-21 20:49:04 --> Config file loaded: /Users/renfrid/Sites/sacids/afyadata/application/config/ion_auth.php
DEBUG - 2021-04-21 20:49:04 --> File loaded: /Users/renfrid/Sites/sacids/afyadata/application/modules/auth/models/Ion_auth_model.php
DEBUG - 2021-04-21 20:49:04 --> Xform_comm library initialized
DEBUG - 2021-04-21 20:49:04 --> File loaded: /Users/renfrid/Sites/sacids/afyadata/application/modules/auth/models/User_model.php
DEBUG - 2021-04-21 20:49:04 --> File loaded: /Users/renfrid/Sites/sacids/afyadata/application/modules/auth/models/Group_model.php
DEBUG - 2021-04-21 20:49:04 --> File loaded: /Users/renfrid/Sites/sacids/afyadata/application/modules/auth/models/Users_group_model.php
DEBUG - 2021-04-21 20:49:04 --> File loaded: /Users/renfrid/Sites/sacids/afyadata/application/modules/auth/models/Perms_class_model.php
DEBUG - 2021-04-21 20:49:04 --> File loaded: /Users/renfrid/Sites/sacids/afyadata/application/modules/auth/models/Perms_method_model.php
DEBUG - 2021-04-21 20:49:04 --> File loaded: /Users/renfrid/Sites/sacids/afyadata/application/modules/auth/models/Perms_group_model.php
DEBUG - 2021-04-21 20:49:04 --> File loaded: /Users/renfrid/Sites/sacids/afyadata/application/modules/auth/models/Acl_model.php
DEBUG - 2021-04-21 20:49:04 --> File already loaded: /Users/renfrid/Sites/sacids/afyadata/application/modules/auth/models/Ion_auth_model.php
DEBUG - 2021-04-21 20:49:04 --> File loaded: /Users/renfrid/Sites/sacids/afyadata/application/modules/auth/models/Perm_model.php
DEBUG - 2021-04-21 20:49:04 --> File loaded: /Users/renfrid/Sites/sacids/afyadata/application/modules/xform/models/Submission_model.php
DEBUG - 2021-04-21 20:49:04 --> File loaded: /Users/renfrid/Sites/sacids/afyadata/application/modules/feedback/models/Feedback_model.php
DEBUG - 2021-04-21 20:49:04 --> File loaded: /Users/renfrid/Sites/sacids/afyadata/application/modules/xform/models/Xform_model.php
DEBUG - 2021-04-21 20:49:04 --> File loaded: /Users/renfrid/Sites/sacids/afyadata/application/modules/ohkr/models/Ohkr_model.php
DEBUG - 2021-04-21 20:49:04 --> File loaded: /Users/renfrid/Sites/sacids/afyadata/application/modules/ohkr/models/Disease_model.php
DEBUG - 2021-04-21 20:49:04 --> File loaded: /Users/renfrid/Sites/sacids/afyadata/application/modules/ohkr/models/Symptom_model.php
DEBUG - 2021-04-21 20:49:04 --> File loaded: /Users/renfrid/Sites/sacids/afyadata/application/modules/ohkr/models/Specie_model.php
DEBUG - 2021-04-21 20:49:04 --> File loaded: /Users/renfrid/Sites/sacids/afyadata/application/modules/xform/models/Xformreader_model.php
DEBUG - 2021-04-21 20:49:04 --> Form_auth library initialized
DEBUG - 2021-04-21 20:49:04 --> File loaded: /Users/renfrid/Sites/sacids/afyadata/application/modules/projects/models/Project_model.php
DEBUG - 2021-04-21 20:49:04 --> Feedback MX_Controller Initialized
DEBUG - 2021-04-21 20:49:04 --> Feedback controller initialized
DEBUG - 2021-04-21 20:49:04 --> File loaded: /Users/renfrid/Sites/sacids/afyadata/application/views/header.php
DEBUG - 2021-04-21 20:49:04 --> File loaded: /Users/renfrid/Sites/sacids/afyadata/application/modules/feedback/views/list.php
DEBUG - 2021-04-21 20:49:04 --> File loaded: /Users/renfrid/Sites/sacids/afyadata/application/views/footer.php
DEBUG - 2021-04-21 20:49:04 --> Total execution time: 0.0325
DEBUG - 2021-04-21 20:49:10 --> UTF-8 Support Enabled
DEBUG - 2021-04-21 20:49:10 --> Global POST, GET and COOKIE data sanitized
DEBUG - 2021-04-21 20:49:10 --> Config file loaded: /Users/renfrid/Sites/sacids/afyadata/application/config/sacids.php
DEBUG - 2021-04-21 20:49:10 --> Config file loaded: /Users/renfrid/Sites/sacids/afyadata/application/config/pagination.php
DEBUG - 2021-04-21 20:49:10 --> Config file loaded: /Users/renfrid/Sites/sacids/afyadata/application/config/sms.php
DEBUG - 2021-04-21 20:49:10 --> Config file loaded: /Users/renfrid/Sites/sacids/afyadata/application/config/ion_auth.php
DEBUG - 2021-04-21 20:49:10 --> File loaded: /Users/renfrid/Sites/sacids/afyadata/application/modules/auth/models/Ion_auth_model.php
DEBUG - 2021-04-21 20:49:10 --> Xform_comm library initialized
DEBUG - 2021-04-21 20:49:10 --> File loaded: /Users/renfrid/Sites/sacids/afyadata/application/modules/auth/models/User_model.php
DEBUG - 2021-04-21 20:49:10 --> File loaded: /Users/renfrid/Sites/sacids/afyadata/application/modules/auth/models/Group_model.php
DEBUG - 2021-04-21 20:49:10 --> File loaded: /Users/renfrid/Sites/sacids/afyadata/application/modules/auth/models/Users_group_model.php
DEBUG - 2021-04-21 20:49:10 --> File loaded: /Users/renfrid/Sites/sacids/afyadata/application/modules/auth/models/Perms_class_model.php
DEBUG - 2021-04-21 20:49:10 --> File loaded: /Users/renfrid/Sites/sacids/afyadata/application/modules/auth/models/Perms_method_model.php
DEBUG - 2021-04-21 20:49:10 --> File loaded: /Users/renfrid/Sites/sacids/afyadata/application/modules/auth/models/Perms_group_model.php
DEBUG - 2021-04-21 20:49:10 --> File loaded: /Users/renfrid/Sites/sacids/afyadata/application/modules/auth/models/Acl_model.php
DEBUG - 2021-04-21 20:49:10 --> File already loaded: /Users/renfrid/Sites/sacids/afyadata/application/modules/auth/models/Ion_auth_model.php
DEBUG - 2021-04-21 20:49:10 --> File loaded: /Users/renfrid/Sites/sacids/afyadata/application/modules/auth/models/Perm_model.php
DEBUG - 2021-04-21 20:49:10 --> File loaded: /Users/renfrid/Sites/sacids/afyadata/application/modules/xform/models/Submission_model.php
DEBUG - 2021-04-21 20:49:10 --> File loaded: /Users/renfrid/Sites/sacids/afyadata/application/modules/feedback/models/Feedback_model.php
DEBUG - 2021-04-21 20:49:10 --> File loaded: /Users/renfrid/Sites/sacids/afyadata/application/modules/xform/models/Xform_model.php
DEBUG - 2021-04-21 20:49:10 --> File loaded: /Users/renfrid/Sites/sacids/afyadata/application/modules/ohkr/models/Ohkr_model.php
DEBUG - 2021-04-21 20:49:10 --> File loaded: /Users/renfrid/Sites/sacids/afyadata/application/modules/ohkr/models/Disease_model.php
DEBUG - 2021-04-21 20:49:10 --> File loaded: /Users/renfrid/Sites/sacids/afyadata/application/modules/ohkr/models/Symptom_model.php
DEBUG - 2021-04-21 20:49:10 --> File loaded: /Users/renfrid/Sites/sacids/afyadata/application/modules/ohkr/models/Specie_model.php
DEBUG - 2021-04-21 20:49:10 --> File loaded: /Users/renfrid/Sites/sacids/afyadata/application/modules/xform/models/Xformreader_model.php
DEBUG - 2021-04-21 20:49:10 --> Form_auth library initialized
DEBUG - 2021-04-21 20:49:10 --> File loaded: /Users/renfrid/Sites/sacids/afyadata/application/modules/projects/models/Project_model.php
DEBUG - 2021-04-21 20:49:10 --> Ohkr MX_Controller Initialized
DEBUG - 2021-04-21 20:49:10 --> Ohkr controller initialized
DEBUG - 2021-04-21 20:49:10 --> File loaded: /Users/renfrid/Sites/sacids/afyadata/application/views/header.php
DEBUG - 2021-04-21 20:49:10 --> File loaded: /Users/renfrid/Sites/sacids/afyadata/application/modules/ohkr/views/diseases/lists.php
DEBUG - 2021-04-21 20:49:10 --> File loaded: /Users/renfrid/Sites/sacids/afyadata/application/views/footer.php
DEBUG - 2021-04-21 20:49:10 --> Total execution time: 0.0352
DEBUG - 2021-04-21 20:49:11 --> UTF-8 Support Enabled
DEBUG - 2021-04-21 20:49:11 --> Global POST, GET and COOKIE data sanitized
DEBUG - 2021-04-21 20:49:11 --> Config file loaded: /Users/renfrid/Sites/sacids/afyadata/application/config/sacids.php
DEBUG - 2021-04-21 20:49:11 --> Config file loaded: /Users/renfrid/Sites/sacids/afyadata/application/config/pagination.php
DEBUG - 2021-04-21 20:49:11 --> Config file loaded: /Users/renfrid/Sites/sacids/afyadata/application/config/sms.php
DEBUG - 2021-04-21 20:49:11 --> Config file loaded: /Users/renfrid/Sites/sacids/afyadata/application/config/ion_auth.php
DEBUG - 2021-04-21 20:49:11 --> File loaded: /Users/renfrid/Sites/sacids/afyadata/application/modules/auth/models/Ion_auth_model.php
DEBUG - 2021-04-21 20:49:11 --> Xform_comm library initialized
DEBUG - 2021-04-21 20:49:11 --> File loaded: /Users/renfrid/Sites/sacids/afyadata/application/modules/auth/models/User_model.php
DEBUG - 2021-04-21 20:49:11 --> File loaded: /Users/renfrid/Sites/sacids/afyadata/application/modules/auth/models/Group_model.php
DEBUG - 2021-04-21 20:49:11 --> File loaded: /Users/renfrid/Sites/sacids/afyadata/application/modules/auth/models/Users_group_model.php
DEBUG - 2021-04-21 20:49:11 --> File loaded: /Users/renfrid/Sites/sacids/afyadata/application/modules/auth/models/Perms_class_model.php
DEBUG - 2021-04-21 20:49:11 --> File loaded: /Users/renfrid/Sites/sacids/afyadata/application/modules/auth/models/Perms_method_model.php
DEBUG - 2021-04-21 20:49:11 --> File loaded: /Users/renfrid/Sites/sacids/afyadata/application/modules/auth/models/Perms_group_model.php
DEBUG - 2021-04-21 20:49:11 --> File loaded: /Users/renfrid/Sites/sacids/afyadata/application/modules/auth/models/Acl_model.php
DEBUG - 2021-04-21 20:49:11 --> File already loaded: /Users/renfrid/Sites/sacids/afyadata/application/modules/auth/models/Ion_auth_model.php
DEBUG - 2021-04-21 20:49:11 --> File loaded: /Users/renfrid/Sites/sacids/afyadata/application/modules/auth/models/Perm_model.php
DEBUG - 2021-04-21 20:49:11 --> File loaded: /Users/renfrid/Sites/sacids/afyadata/application/modules/xform/models/Submission_model.php
DEBUG - 2021-04-21 20:49:11 --> File loaded: /Users/renfrid/Sites/sacids/afyadata/application/modules/feedback/models/Feedback_model.php
DEBUG - 2021-04-21 20:49:11 --> File loaded: /Users/renfrid/Sites/sacids/afyadata/application/modules/xform/models/Xform_model.php
DEBUG - 2021-04-21 20:49:11 --> File loaded: /Users/renfrid/Sites/sacids/afyadata/application/modules/ohkr/models/Ohkr_model.php
DEBUG - 2021-04-21 20:49:11 --> File loaded: /Users/renfrid/Sites/sacids/afyadata/application/modules/ohkr/models/Disease_model.php
DEBUG - 2021-04-21 20:49:11 --> File loaded: /Users/renfrid/Sites/sacids/afyadata/application/modules/ohkr/models/Symptom_model.php
DEBUG - 2021-04-21 20:49:11 --> File loaded: /Users/renfrid/Sites/sacids/afyadata/application/modules/ohkr/models/Specie_model.php
DEBUG - 2021-04-21 20:49:11 --> File loaded: /Users/renfrid/Sites/sacids/afyadata/application/modules/xform/models/Xformreader_model.php
DEBUG - 2021-04-21 20:49:11 --> Form_auth library initialized
DEBUG - 2021-04-21 20:49:11 --> File loaded: /Users/renfrid/Sites/sacids/afyadata/application/modules/projects/models/Project_model.php
DEBUG - 2021-04-21 20:49:11 --> Ohkr MX_Controller Initialized
DEBUG - 2021-04-21 20:49:11 --> Ohkr controller initialized
DEBUG - 2021-04-21 20:49:11 --> File loaded: /Users/renfrid/Sites/sacids/afyadata/application/views/header.php
DEBUG - 2021-04-21 20:49:11 --> File loaded: /Users/renfrid/Sites/sacids/afyadata/application/modules/ohkr/views/species/lists.php
DEBUG - 2021-04-21 20:49:11 --> File loaded: /Users/renfrid/Sites/sacids/afyadata/application/views/footer.php
DEBUG - 2021-04-21 20:49:11 --> Total execution time: 0.0178
DEBUG - 2021-04-21 20:49:14 --> UTF-8 Support Enabled
DEBUG - 2021-04-21 20:49:14 --> Global POST, GET and COOKIE data sanitized
DEBUG - 2021-04-21 20:49:14 --> Config file loaded: /Users/renfrid/Sites/sacids/afyadata/application/config/sacids.php
DEBUG - 2021-04-21 20:49:14 --> Config file loaded: /Users/renfrid/Sites/sacids/afyadata/application/config/pagination.php
DEBUG - 2021-04-21 20:49:14 --> Config file loaded: /Users/renfrid/Sites/sacids/afyadata/application/config/sms.php
DEBUG - 2021-04-21 20:49:14 --> Config file loaded: /Users/renfrid/Sites/sacids/afyadata/application/config/ion_auth.php
DEBUG - 2021-04-21 20:49:14 --> File loaded: /Users/renfrid/Sites/sacids/afyadata/application/modules/auth/models/Ion_auth_model.php
DEBUG - 2021-04-21 20:49:14 --> Xform_comm library initialized
DEBUG - 2021-04-21 20:49:14 --> File loaded: /Users/renfrid/Sites/sacids/afyadata/application/modules/auth/models/User_model.php
DEBUG - 2021-04-21 20:49:14 --> File loaded: /Users/renfrid/Sites/sacids/afyadata/application/modules/auth/models/Group_model.php
DEBUG - 2021-04-21 20:49:14 --> File loaded: /Users/renfrid/Sites/sacids/afyadata/application/modules/auth/models/Users_group_model.php
DEBUG - 2021-04-21 20:49:14 --> File loaded: /Users/renfrid/Sites/sacids/afyadata/application/modules/auth/models/Perms_class_model.php
DEBUG - 2021-04-21 20:49:14 --> File loaded: /Users/renfrid/Sites/sacids/afyadata/application/modules/auth/models/Perms_method_model.php
DEBUG - 2021-04-21 20:49:14 --> File loaded: /Users/renfrid/Sites/sacids/afyadata/application/modules/auth/models/Perms_group_model.php
DEBUG - 2021-04-21 20:49:14 --> File loaded: /Users/renfrid/Sites/sacids/afyadata/application/modules/auth/models/Acl_model.php
DEBUG - 2021-04-21 20:49:14 --> File already loaded: /Users/renfrid/Sites/sacids/afyadata/application/modules/auth/models/Ion_auth_model.php
DEBUG - 2021-04-21 20:49:14 --> File loaded: /Users/renfrid/Sites/sacids/afyadata/application/modules/auth/models/Perm_model.php
DEBUG - 2021-04-21 20:49:14 --> File loaded: /Users/renfrid/Sites/sacids/afyadata/application/modules/xform/models/Submission_model.php
DEBUG - 2021-04-21 20:49:14 --> File loaded: /Users/renfrid/Sites/sacids/afyadata/application/modules/feedback/models/Feedback_model.php
DEBUG - 2021-04-21 20:49:14 --> File loaded: /Users/renfrid/Sites/sacids/afyadata/application/modules/xform/models/Xform_model.php
DEBUG - 2021-04-21 20:49:14 --> File loaded: /Users/renfrid/Sites/sacids/afyadata/application/modules/ohkr/models/Ohkr_model.php
DEBUG - 2021-04-21 20:49:14 --> File loaded: /Users/renfrid/Sites/sacids/afyadata/application/modules/ohkr/models/Disease_model.php
DEBUG - 2021-04-21 20:49:14 --> File loaded: /Users/renfrid/Sites/sacids/afyadata/application/modules/ohkr/models/Symptom_model.php
DEBUG - 2021-04-21 20:49:14 --> File loaded: /Users/renfrid/Sites/sacids/afyadata/application/modules/ohkr/models/Specie_model.php
DEBUG - 2021-04-21 20:49:14 --> File loaded: /Users/renfrid/Sites/sacids/afyadata/application/modules/xform/models/Xformreader_model.php
DEBUG - 2021-04-21 20:49:14 --> Form_auth library initialized
DEBUG - 2021-04-21 20:49:14 --> File loaded: /Users/renfrid/Sites/sacids/afyadata/application/modules/projects/models/Project_model.php
DEBUG - 2021-04-21 20:49:14 --> Ohkr MX_Controller Initialized
DEBUG - 2021-04-21 20:49:14 --> Ohkr controller initialized
DEBUG - 2021-04-21 20:49:14 --> File loaded: /Users/renfrid/Sites/sacids/afyadata/application/views/header.php
DEBUG - 2021-04-21 20:49:14 --> File loaded: /Users/renfrid/Sites/sacids/afyadata/application/modules/ohkr/views/symptoms/lists.php
DEBUG - 2021-04-21 20:49:14 --> File loaded: /Users/renfrid/Sites/sacids/afyadata/application/views/footer.php
DEBUG - 2021-04-21 20:49:14 --> Total execution time: 0.0226
DEBUG - 2021-04-21 20:49:16 --> UTF-8 Support Enabled
DEBUG - 2021-04-21 20:49:16 --> Global POST, GET and COOKIE data sanitized
DEBUG - 2021-04-21 20:49:16 --> Config file loaded: /Users/renfrid/Sites/sacids/afyadata/application/config/sacids.php
DEBUG - 2021-04-21 20:49:16 --> Config file loaded: /Users/renfrid/Sites/sacids/afyadata/application/config/pagination.php
DEBUG - 2021-04-21 20:49:16 --> Config file loaded: /Users/renfrid/Sites/sacids/afyadata/application/config/sms.php
DEBUG - 2021-04-21 20:49:16 --> Config file loaded: /Users/renfrid/Sites/sacids/afyadata/application/config/ion_auth.php
DEBUG - 2021-04-21 20:49:16 --> File loaded: /Users/renfrid/Sites/sacids/afyadata/application/modules/auth/models/Ion_auth_model.php
DEBUG - 2021-04-21 20:49:16 --> Xform_comm library initialized
DEBUG - 2021-04-21 20:49:16 --> File loaded: /Users/renfrid/Sites/sacids/afyadata/application/modules/auth/models/User_model.php
DEBUG - 2021-04-21 20:49:16 --> File loaded: /Users/renfrid/Sites/sacids/afyadata/application/modules/auth/models/Group_model.php
DEBUG - 2021-04-21 20:49:16 --> File loaded: /Users/renfrid/Sites/sacids/afyadata/application/modules/auth/models/Users_group_model.php
DEBUG - 2021-04-21 20:49:16 --> File loaded: /Users/renfrid/Sites/sacids/afyadata/application/modules/auth/models/Perms_class_model.php
DEBUG - 2021-04-21 20:49:16 --> File loaded: /Users/renfrid/Sites/sacids/afyadata/application/modules/auth/models/Perms_method_model.php
DEBUG - 2021-04-21 20:49:16 --> File loaded: /Users/renfrid/Sites/sacids/afyadata/application/modules/auth/models/Perms_group_model.php
DEBUG - 2021-04-21 20:49:16 --> File loaded: /Users/renfrid/Sites/sacids/afyadata/application/modules/auth/models/Acl_model.php
DEBUG - 2021-04-21 20:49:16 --> File already loaded: /Users/renfrid/Sites/sacids/afyadata/application/modules/auth/models/Ion_auth_model.php
DEBUG - 2021-04-21 20:49:16 --> File loaded: /Users/renfrid/Sites/sacids/afyadata/application/modules/auth/models/Perm_model.php
DEBUG - 2021-04-21 20:49:16 --> File loaded: /Users/renfrid/Sites/sacids/afyadata/application/modules/xform/models/Submission_model.php
DEBUG - 2021-04-21 20:49:16 --> File loaded: /Users/renfrid/Sites/sacids/afyadata/application/modules/feedback/models/Feedback_model.php
DEBUG - 2021-04-21 20:49:16 --> File loaded: /Users/renfrid/Sites/sacids/afyadata/application/modules/xform/models/Xform_model.php
DEBUG - 2021-04-21 20:49:16 --> File loaded: /Users/renfrid/Sites/sacids/afyadata/application/modules/ohkr/models/Ohkr_model.php
DEBUG - 2021-04-21 20:49:16 --> File loaded: /Users/renfrid/Sites/sacids/afyadata/application/modules/ohkr/models/Disease_model.php
DEBUG - 2021-04-21 20:49:16 --> File loaded: /Users/renfrid/Sites/sacids/afyadata/application/modules/ohkr/models/Symptom_model.php
DEBUG - 2021-04-21 20:49:16 --> File loaded: /Users/renfrid/Sites/sacids/afyadata/application/modules/ohkr/models/Specie_model.php
DEBUG - 2021-04-21 20:49:16 --> File loaded: /Users/renfrid/Sites/sacids/afyadata/application/modules/xform/models/Xformreader_model.php
DEBUG - 2021-04-21 20:49:16 --> Form_auth library initialized
DEBUG - 2021-04-21 20:49:16 --> File loaded: /Users/renfrid/Sites/sacids/afyadata/application/modules/projects/models/Project_model.php
DEBUG - 2021-04-21 20:49:16 --> Ohkr MX_Controller Initialized
DEBUG - 2021-04-21 20:49:16 --> Ohkr controller initialized
DEBUG - 2021-04-21 20:49:16 --> File loaded: /Users/renfrid/Sites/sacids/afyadata/application/views/header.php
DEBUG - 2021-04-21 20:49:16 --> File loaded: /Users/renfrid/Sites/sacids/afyadata/application/modules/ohkr/views/diseases/lists.php
DEBUG - 2021-04-21 20:49:16 --> File loaded: /Users/renfrid/Sites/sacids/afyadata/application/views/footer.php
DEBUG - 2021-04-21 20:49:16 --> Total execution time: 0.0169
DEBUG - 2021-04-21 20:49:17 --> UTF-8 Support Enabled
DEBUG - 2021-04-21 20:49:17 --> Global POST, GET and COOKIE data sanitized
DEBUG - 2021-04-21 20:49:17 --> Config file loaded: /Users/renfrid/Sites/sacids/afyadata/application/config/sacids.php
DEBUG - 2021-04-21 20:49:17 --> Config file loaded: /Users/renfrid/Sites/sacids/afyadata/application/config/pagination.php
DEBUG - 2021-04-21 20:49:17 --> Config file loaded: /Users/renfrid/Sites/sacids/afyadata/application/config/sms.php
DEBUG - 2021-04-21 20:49:17 --> Config file loaded: /Users/renfrid/Sites/sacids/afyadata/application/config/ion_auth.php
DEBUG - 2021-04-21 20:49:17 --> File loaded: /Users/renfrid/Sites/sacids/afyadata/application/modules/auth/models/Ion_auth_model.php
DEBUG - 2021-04-21 20:49:17 --> Xform_comm library initialized
DEBUG - 2021-04-21 20:49:17 --> File loaded: /Users/renfrid/Sites/sacids/afyadata/application/modules/auth/models/User_model.php
DEBUG - 2021-04-21 20:49:17 --> File loaded: /Users/renfrid/Sites/sacids/afyadata/application/modules/auth/models/Group_model.php
DEBUG - 2021-04-21 20:49:17 --> File loaded: /Users/renfrid/Sites/sacids/afyadata/application/modules/auth/models/Users_group_model.php
DEBUG - 2021-04-21 20:49:17 --> File loaded: /Users/renfrid/Sites/sacids/afyadata/application/modules/auth/models/Perms_class_model.php
DEBUG - 2021-04-21 20:49:17 --> File loaded: /Users/renfrid/Sites/sacids/afyadata/application/modules/auth/models/Perms_method_model.php
DEBUG - 2021-04-21 20:49:17 --> File loaded: /Users/renfrid/Sites/sacids/afyadata/application/modules/auth/models/Perms_group_model.php
DEBUG - 2021-04-21 20:49:17 --> File loaded: /Users/renfrid/Sites/sacids/afyadata/application/modules/auth/models/Acl_model.php
DEBUG - 2021-04-21 20:49:17 --> File already loaded: /Users/renfrid/Sites/sacids/afyadata/application/modules/auth/models/Ion_auth_model.php
DEBUG - 2021-04-21 20:49:17 --> File loaded: /Users/renfrid/Sites/sacids/afyadata/application/modules/auth/models/Perm_model.php
DEBUG - 2021-04-21 20:49:17 --> File loaded: /Users/renfrid/Sites/sacids/afyadata/application/modules/xform/models/Submission_model.php
DEBUG - 2021-04-21 20:49:17 --> File loaded: /Users/renfrid/Sites/sacids/afyadata/application/modules/feedback/models/Feedback_model.php
DEBUG - 2021-04-21 20:49:17 --> File loaded: /Users/renfrid/Sites/sacids/afyadata/application/modules/xform/models/Xform_model.php
DEBUG - 2021-04-21 20:49:17 --> File loaded: /Users/renfrid/Sites/sacids/afyadata/application/modules/ohkr/models/Ohkr_model.php
DEBUG - 2021-04-21 20:49:17 --> File loaded: /Users/renfrid/Sites/sacids/afyadata/application/modules/ohkr/models/Disease_model.php
DEBUG - 2021-04-21 20:49:17 --> File loaded: /Users/renfrid/Sites/sacids/afyadata/application/modules/ohkr/models/Symptom_model.php
DEBUG - 2021-04-21 20:49:17 --> File loaded: /Users/renfrid/Sites/sacids/afyadata/application/modules/ohkr/models/Specie_model.php
DEBUG - 2021-04-21 20:49:17 --> File loaded: /Users/renfrid/Sites/sacids/afyadata/application/modules/xform/models/Xformreader_model.php
DEBUG - 2021-04-21 20:49:17 --> Form_auth library initialized
DEBUG - 2021-04-21 20:49:17 --> File loaded: /Users/renfrid/Sites/sacids/afyadata/application/modules/projects/models/Project_model.php
DEBUG - 2021-04-21 20:49:17 --> Ohkr MX_Controller Initialized
DEBUG - 2021-04-21 20:49:17 --> Ohkr controller initialized
DEBUG - 2021-04-21 20:49:17 --> File loaded: /Users/renfrid/Sites/sacids/afyadata/application/views/header.php
DEBUG - 2021-04-21 20:49:17 --> File loaded: /Users/renfrid/Sites/sacids/afyadata/application/modules/ohkr/views/disease_symptoms/lists.php
DEBUG - 2021-04-21 20:49:17 --> File loaded: /Users/renfrid/Sites/sacids/afyadata/application/views/footer.php
DEBUG - 2021-04-21 20:49:17 --> Total execution time: 0.0207
DEBUG - 2021-04-21 20:49:23 --> UTF-8 Support Enabled
DEBUG - 2021-04-21 20:49:23 --> Global POST, GET and COOKIE data sanitized
DEBUG - 2021-04-21 20:49:23 --> Config file loaded: /Users/renfrid/Sites/sacids/afyadata/application/config/sacids.php
DEBUG - 2021-04-21 20:49:23 --> Config file loaded: /Users/renfrid/Sites/sacids/afyadata/application/config/pagination.php
DEBUG - 2021-04-21 20:49:23 --> Config file loaded: /Users/renfrid/Sites/sacids/afyadata/application/config/sms.php
DEBUG - 2021-04-21 20:49:23 --> Config file loaded: /Users/renfrid/Sites/sacids/afyadata/application/config/ion_auth.php
DEBUG - 2021-04-21 20:49:23 --> File loaded: /Users/renfrid/Sites/sacids/afyadata/application/modules/auth/models/Ion_auth_model.php
DEBUG - 2021-04-21 20:49:23 --> Xform_comm library initialized
DEBUG - 2021-04-21 20:49:23 --> File loaded: /Users/renfrid/Sites/sacids/afyadata/application/modules/auth/models/User_model.php
DEBUG - 2021-04-21 20:49:23 --> File loaded: /Users/renfrid/Sites/sacids/afyadata/application/modules/auth/models/Group_model.php
DEBUG - 2021-04-21 20:49:23 --> File loaded: /Users/renfrid/Sites/sacids/afyadata/application/modules/auth/models/Users_group_model.php
DEBUG - 2021-04-21 20:49:23 --> File loaded: /Users/renfrid/Sites/sacids/afyadata/application/modules/auth/models/Perms_class_model.php
DEBUG - 2021-04-21 20:49:23 --> File loaded: /Users/renfrid/Sites/sacids/afyadata/application/modules/auth/models/Perms_method_model.php
DEBUG - 2021-04-21 20:49:23 --> File loaded: /Users/renfrid/Sites/sacids/afyadata/application/modules/auth/models/Perms_group_model.php
DEBUG - 2021-04-21 20:49:23 --> File loaded: /Users/renfrid/Sites/sacids/afyadata/application/modules/auth/models/Acl_model.php
DEBUG - 2021-04-21 20:49:23 --> File already loaded: /Users/renfrid/Sites/sacids/afyadata/application/modules/auth/models/Ion_auth_model.php
DEBUG - 2021-04-21 20:49:23 --> File loaded: /Users/renfrid/Sites/sacids/afyadata/application/modules/auth/models/Perm_model.php
DEBUG - 2021-04-21 20:49:23 --> File loaded: /Users/renfrid/Sites/sacids/afyadata/application/modules/xform/models/Submission_model.php
DEBUG - 2021-04-21 20:49:23 --> File loaded: /Users/renfrid/Sites/sacids/afyadata/application/modules/feedback/models/Feedback_model.php
DEBUG - 2021-04-21 20:49:23 --> File loaded: /Users/renfrid/Sites/sacids/afyadata/application/modules/xform/models/Xform_model.php
DEBUG - 2021-04-21 20:49:23 --> File loaded: /Users/renfrid/Sites/sacids/afyadata/application/modules/ohkr/models/Ohkr_model.php
DEBUG - 2021-04-21 20:49:23 --> File loaded: /Users/renfrid/Sites/sacids/afyadata/application/modules/ohkr/models/Disease_model.php
DEBUG - 2021-04-21 20:49:23 --> File loaded: /Users/renfrid/Sites/sacids/afyadata/application/modules/ohkr/models/Symptom_model.php
DEBUG - 2021-04-21 20:49:23 --> File loaded: /Users/renfrid/Sites/sacids/afyadata/application/modules/ohkr/models/Specie_model.php
DEBUG - 2021-04-21 20:49:23 --> File loaded: /Users/renfrid/Sites/sacids/afyadata/application/modules/xform/models/Xformreader_model.php
DEBUG - 2021-04-21 20:49:23 --> Form_auth library initialized
DEBUG - 2021-04-21 20:49:23 --> File loaded: /Users/renfrid/Sites/sacids/afyadata/application/modules/projects/models/Project_model.php
DEBUG - 2021-04-21 20:49:23 --> Ohkr MX_Controller Initialized
DEBUG - 2021-04-21 20:49:23 --> Ohkr controller initialized
DEBUG - 2021-04-21 20:49:23 --> File loaded: /Users/renfrid/Sites/sacids/afyadata/application/views/header.php
DEBUG - 2021-04-21 20:49:23 --> File loaded: /Users/renfrid/Sites/sacids/afyadata/application/modules/ohkr/views/diseases/lists.php
DEBUG - 2021-04-21 20:49:23 --> File loaded: /Users/renfrid/Sites/sacids/afyadata/application/views/footer.php
DEBUG - 2021-04-21 20:49:23 --> Total execution time: 0.0204
